=======================================================
           OpenClaw 已安装技能清单报告
=======================================================
生成时间: 2026-03-19 19:07:00 (GMT+8)
报告来源: /home/admin/openclaw/workspace/.clawhub/lock.json
技能目录: /home/admin/openclaw/workspace/skills/
=======================================================

📦 已安装技能总数: 4

-------------------------------------------------------
技能详情:
-------------------------------------------------------

1. 【summarize】
   - 版本: 1.0.0
   - 安装时间: 2025-03-16 11:37:03
   - 目录状态: ✅ 已找到 (创建于 2025-03-16 11:37)

2. 【feishu_forward】
   - 版本: 1.1.0
   - 安装时间: 2025-03-19 10:45:00
   - 目录状态: ✅ 已找到 (创建于 2025-03-19 10:46)

3. 【coordinator_workflow】
   - 版本: 2.0.0
   - 安装时间: 2025-03-19 13:16:40
   - 目录状态: ✅ 已找到 (创建于 2025-03-19 12:05)

4. 【self_improving_agent】
   - 版本: 1.0.0
   - 安装时间: 2025-03-19 00:23:00
   - 目录状态: ✅ 已找到 (创建于 2025-03-19 19:03)

-------------------------------------------------------
一致性检查:
-------------------------------------------------------
✅ lock.json 记录与 skills 目录完全一致
✅ 所有技能目录都存在
✅ 未发现孤立目录
✅ 未发现缺失技能

-------------------------------------------------------
原始数据 (lock.json):
-------------------------------------------------------
{
  "version": 1,
  "skills": {
    "summarize": {
      "version": "1.0.0",
      "installedAt": 1773632223560
    },
    "feishu_forward": {
      "version": "1.1.0",
      "installedAt": 1773890700000
    },
    "coordinator_workflow": {
      "version": "2.0.0",
      "installedAt": 1773899800000
    },
    "self_improving_agent": {
      "version": "1.0.0",
      "installedAt": 1773850980000
    }
  }
}

=======================================================
                    报告生成完毕
=======================================================
