2026-03-19 19:04:40,522 - self_improving_agent - INFO - ╔================================================╗
2026-03-19 19:04:40,522 - self_improving_agent - INFO - ║           Self-Improving Agent 开始执行            ║
2026-03-19 19:04:40,522 - self_improving_agent - INFO - ╚================================================╝
2026-03-19 19:04:40,522 - self_improving_agent - INFO - 执行时间: 2026-03-19 19:04:40
2026-03-19 19:04:40,522 - self_improving_agent - INFO - ==================================================
2026-03-19 19:04:40,522 - self_improving_agent - INFO - 步骤 1: 读取 SOUL.md 检查约束遵守情况
2026-03-19 19:04:40,522 - self_improving_agent - INFO - 成功读取 SOUL.md (4477 字符)
2026-03-19 19:04:40,522 - self_improving_agent - INFO - 识别的约束: 安全原则
2026-03-19 19:04:40,523 - self_improving_agent - INFO - ==================================================
2026-03-19 19:04:40,523 - self_improving_agent - INFO - 步骤 2: 检查所有技能的版本和更新
2026-03-19 19:04:40,523 - self_improving_agent - INFO - 技能 summarize: v1.0.0 - 正常
2026-03-19 19:04:40,523 - self_improving_agent - INFO - 技能 feishu_forward: v1.1.0 - 正常
2026-03-19 19:04:40,523 - self_improving_agent - INFO - 技能 coordinator_workflow: v2.0.0 - 正常
2026-03-19 19:04:40,523 - self_improving_agent - INFO - 技能 self_improving_agent: v1.0.0 - 正常
2026-03-19 19:04:40,523 - self_improving_agent - INFO - ==================================================
2026-03-19 19:04:40,524 - self_improving_agent - INFO - 步骤 3: 分析最近的操作记录
2026-03-19 19:04:40,524 - self_improving_agent - INFO - 发现 1 个日志文件
2026-03-19 19:04:40,524 - self_improving_agent - INFO - 最近7天统计: 0 个错误, 0 个警告
2026-03-19 19:04:40,524 - self_improving_agent - INFO - 当前技能库大小: 4 个技能
2026-03-19 19:04:40,524 - self_improving_agent - INFO - ==================================================
2026-03-19 19:04:40,524 - self_improving_agent - INFO - 步骤 4: 生成改进建议
2026-03-19 19:04:40,525 - self_improving_agent - INFO - [LOW] 维护: 系统运行良好，继续保持监控
2026-03-19 19:04:40,525 - self_improving_agent - INFO - ==================================================
2026-03-19 19:04:40,525 - self_improving_agent - INFO - 步骤 5: 更新相关技能文件
2026-03-19 19:04:40,525 - self_improving_agent - INFO - 共更新 0 个文件
2026-03-19 19:04:40,525 - self_improving_agent - INFO - ==================================================
2026-03-19 19:04:40,525 - self_improving_agent - INFO - 派生子智能体执行深度分析...
2026-03-19 19:04:40,525 - self_improving_agent - INFO - 子任务描述: 
    深度自我分析任务:
    1. 读取 /home/admin/openclaw/workspace/SOUL.md
    2. 检查所有技能的 SKILL.md 完整性
    3. 对比版本号一致性
    4. 生成详细的改进报告
    5. 输出到 /home/admin/openclaw/workspace/logs/self_improve/analysis_$(date).md
    
2026-03-19 19:04:40,525 - self_improving_agent - INFO - ==================================================
2026-03-19 19:04:40,526 - self_improving_agent - INFO - 执行完成!
2026-03-19 19:04:40,526 - self_improving_agent - INFO - 检查技能数: 4
2026-03-19 19:04:40,526 - self_improving_agent - INFO - 发现问题数: 0
2026-03-19 19:04:40,526 - self_improving_agent - INFO - 生成建议数: 1
2026-03-19 19:04:40,526 - self_improving_agent - INFO - 更新文件数: 0
2026-03-19 19:23:43,224 - self_improving_agent - INFO - ╔================================================╗
2026-03-19 19:23:43,224 - self_improving_agent - INFO - ║           Self-Improving Agent 开始执行            ║
2026-03-19 19:23:43,224 - self_improving_agent - INFO - ╚================================================╝
2026-03-19 19:23:43,224 - self_improving_agent - INFO - 执行时间: 2026-03-19 19:23:43
2026-03-19 19:23:43,224 - self_improving_agent - INFO - ==================================================
2026-03-19 19:23:43,224 - self_improving_agent - INFO - 步骤 1: 读取 SOUL.md 检查约束遵守情况
2026-03-19 19:23:43,224 - self_improving_agent - INFO - 成功读取 SOUL.md (4477 字符)
2026-03-19 19:23:43,224 - self_improving_agent - INFO - 识别的约束: 安全原则
2026-03-19 19:23:43,224 - self_improving_agent - INFO - ==================================================
2026-03-19 19:23:43,224 - self_improving_agent - INFO - 步骤 2: 检查所有技能的版本和更新
2026-03-19 19:23:43,224 - self_improving_agent - ERROR - 执行过程中发生错误
Traceback (most recent call last):
  File "/home/admin/openclaw/workspace/self_improve.py", line 301, in main
    skills_status = check_skills_version()
  File "/home/admin/openclaw/workspace/self_improve.py", line 111, in check_skills_version
    "version": info.get("version"),
AttributeError: 'list' object has no attribute 'get'
2026-03-19 20:25:11,951 - self_improving_agent - INFO - ╔================================================╗
2026-03-19 20:25:11,951 - self_improving_agent - INFO - ║           Self-Improving Agent 开始执行            ║
2026-03-19 20:25:11,951 - self_improving_agent - INFO - ╚================================================╝
2026-03-19 20:25:11,951 - self_improving_agent - INFO - 执行时间: 2026-03-19 20:25:11
2026-03-19 20:25:11,952 - self_improving_agent - INFO - ==================================================
2026-03-19 20:25:11,952 - self_improving_agent - INFO - 步骤 1: 读取 SOUL.md 检查约束遵守情况
2026-03-19 20:25:11,952 - self_improving_agent - INFO - 成功读取 SOUL.md (4477 字符)
2026-03-19 20:25:11,952 - self_improving_agent - INFO - 识别的约束: 安全原则
2026-03-19 20:25:11,952 - self_improving_agent - INFO - ==================================================
2026-03-19 20:25:11,952 - self_improving_agent - INFO - 步骤 2: 检查所有技能的版本和更新
2026-03-19 20:25:11,953 - self_improving_agent - ERROR - 执行过程中发生错误
Traceback (most recent call last):
  File "/home/admin/openclaw/workspace/self_improve.py", line 301, in main
    skills_status = check_skills_version()
  File "/home/admin/openclaw/workspace/self_improve.py", line 111, in check_skills_version
    "version": info.get("version"),
AttributeError: 'list' object has no attribute 'get'
2026-03-19 20:26:24,254 - self_improving_agent - INFO - ╔================================================╗
2026-03-19 20:26:24,254 - self_improving_agent - INFO - ║           Self-Improving Agent 开始执行            ║
2026-03-19 20:26:24,254 - self_improving_agent - INFO - ╚================================================╝
2026-03-19 20:26:24,254 - self_improving_agent - INFO - 执行时间: 2026-03-19 20:26:24
2026-03-19 20:26:24,254 - self_improving_agent - INFO - ==================================================
2026-03-19 20:26:24,254 - self_improving_agent - INFO - 步骤 1: 读取 SOUL.md 检查约束遵守情况
2026-03-19 20:26:24,254 - self_improving_agent - INFO - 成功读取 SOUL.md (4477 字符)
2026-03-19 20:26:24,254 - self_improving_agent - INFO - 识别的约束: 安全原则
2026-03-19 20:26:24,254 - self_improving_agent - INFO - ==================================================
2026-03-19 20:26:24,254 - self_improving_agent - INFO - 步骤 2: 检查所有技能的版本和更新
2026-03-19 20:26:24,255 - self_improving_agent - ERROR - 技能 web-search: 目录不存在
2026-03-19 20:26:24,255 - self_improving_agent - ERROR - 技能 browser-vision: 目录不存在
2026-03-19 20:26:24,255 - self_improving_agent - ERROR - 技能 stock-monitor: 目录不存在
2026-03-19 20:26:24,255 - self_improving_agent - ERROR - 技能 video-summary: 目录不存在
2026-03-19 20:26:24,255 - self_improving_agent - ERROR - 技能 humanizer: 目录不存在
2026-03-19 20:26:24,255 - self_improving_agent - ERROR - 技能 weather: 目录不存在
2026-03-19 20:26:24,255 - self_improving_agent - ERROR - 技能 image-gen: 目录不存在
2026-03-19 20:26:24,255 - self_improving_agent - ERROR - 技能 voice-gen: 目录不存在
2026-03-19 20:26:24,255 - self_improving_agent - ERROR - 技能 pdf-gen: 目录不存在
2026-03-19 20:26:24,255 - self_improving_agent - ERROR - 技能 feishu-doc: 目录不存在
2026-03-19 20:26:24,255 - self_improving_agent - ERROR - 技能 github-ops: 目录不存在
2026-03-19 20:26:24,255 - self_improving_agent - ERROR - 技能 train-tickets: 目录不存在
2026-03-19 20:26:24,255 - self_improving_agent - ERROR - 技能 flight-search: 目录不存在
2026-03-19 20:26:24,255 - self_improving_agent - INFO - 技能 multi-agent-setup: v1.0.0 - 正常
2026-03-19 20:26:24,255 - self_improving_agent - INFO - 技能 deep-research: v1.0.0 - 正常
2026-03-19 20:26:24,255 - self_improving_agent - INFO - 技能 seo-writer: v1.0.0 - 正常
2026-03-19 20:26:24,256 - self_improving_agent - INFO - 技能 web-scraper: v1.0.0 - 正常
2026-03-19 20:26:24,256 - self_improving_agent - INFO - 技能 trending: v1.0.0 - 正常
2026-03-19 20:26:24,256 - self_improving_agent - INFO - 技能 feishu-cards: v1.0.0 - 正常
2026-03-19 20:26:24,256 - self_improving_agent - INFO - 技能 summary-report: v1.0.0 - 正常
2026-03-19 20:26:24,256 - self_improving_agent - INFO - 技能 n8n-automation: v1.0.0 - 正常
2026-03-19 20:26:24,256 - self_improving_agent - INFO - 技能 xiaohongshu: v1.0.0 - 正常
2026-03-19 20:26:24,256 - self_improving_agent - INFO - 技能 coding: v1.0.0 - 正常
2026-03-19 20:26:24,256 - self_improving_agent - WARNING - 技能 ontology: 版本不匹配 (lock: 1.0.0, meta: 1.0.4)
2026-03-19 20:26:24,256 - self_improving_agent - WARNING - 技能 proactive-agent: 版本不匹配 (lock: 1.0.0, meta: 3.1.0)
2026-03-19 20:26:24,256 - self_improving_agent - INFO - 技能 tavily-web-search: v1.0.0 - 正常
2026-03-19 20:26:24,256 - self_improving_agent - INFO - 技能 clawsec: v1.0.0 - 正常
2026-03-19 20:26:24,256 - self_improving_agent - INFO - 技能 skill-vetter: v1.0.0 - 正常
2026-03-19 20:26:24,257 - self_improving_agent - INFO - 技能 coordinator_workflow: v2.0.0 - 正常
2026-03-19 20:26:24,257 - self_improving_agent - INFO - 技能 feishu_forward: v1.1.0 - 正常
2026-03-19 20:26:24,257 - self_improving_agent - INFO - 技能 find-skills: v0.1.0 - 正常
2026-03-19 20:26:24,257 - self_improving_agent - INFO - 技能 find_skills: v1.0.0 - 正常
2026-03-19 20:26:24,257 - self_improving_agent - INFO - 技能 summarize: v1.0.0 - 正常
2026-03-19 20:26:24,257 - self_improving_agent - INFO - ==================================================
2026-03-19 20:26:24,257 - self_improving_agent - INFO - 步骤 3: 分析最近的操作记录
2026-03-19 20:26:24,257 - self_improving_agent - INFO - 发现 1 个日志文件
2026-03-19 20:26:24,258 - self_improving_agent - INFO - 最近7天统计: 17 个错误, 2 个警告
2026-03-19 20:26:24,258 - self_improving_agent - INFO - 当前技能库大小: 22 个技能
2026-03-19 20:26:24,258 - self_improving_agent - INFO - ==================================================
2026-03-19 20:26:24,258 - self_improving_agent - INFO - 步骤 4: 生成改进建议
2026-03-19 20:26:24,258 - self_improving_agent - INFO - [HIGH] 版本同步: 同步版本号: lock.json=builtin, _meta.json=None
2026-03-19 20:26:24,259 - self_improving_agent - INFO - [HIGH] 缺失文件: 重新安装或移除 lock.json 中的记录
2026-03-19 20:26:24,259 - self_improving_agent - INFO - [HIGH] 版本同步: 同步版本号: lock.json=builtin, _meta.json=None
2026-03-19 20:26:24,259 - self_improving_agent - INFO - [HIGH] 缺失文件: 重新安装或移除 lock.json 中的记录
2026-03-19 20:26:24,259 - self_improving_agent - INFO - [HIGH] 版本同步: 同步版本号: lock.json=realtime_monitor.py, _meta.json=None
2026-03-19 20:26:24,259 - self_improving_agent - INFO - [HIGH] 缺失文件: 重新安装或移除 lock.json 中的记录
2026-03-19 20:26:24,259 - self_improving_agent - INFO - [HIGH] 版本同步: 同步版本号: lock.json=vsum skill, _meta.json=None
2026-03-19 20:26:24,259 - self_improving_agent - INFO - [HIGH] 缺失文件: 重新安装或移除 lock.json 中的记录
2026-03-19 20:26:24,259 - self_improving_agent - INFO - [HIGH] 版本同步: 同步版本号: lock.json=1.0.0, _meta.json=None
2026-03-19 20:26:24,259 - self_improving_agent - INFO - [HIGH] 缺失文件: 重新安装或移除 lock.json 中的记录
2026-03-19 20:26:24,259 - self_improving_agent - INFO - [HIGH] 版本同步: 同步版本号: lock.json=builtin, _meta.json=None
2026-03-19 20:26:24,259 - self_improving_agent - INFO - [HIGH] 缺失文件: 重新安装或移除 lock.json 中的记录
2026-03-19 20:26:24,259 - self_improving_agent - INFO - [HIGH] 版本同步: 同步版本号: lock.json=builtin, _meta.json=None
2026-03-19 20:26:24,259 - self_improving_agent - INFO - [HIGH] 缺失文件: 重新安装或移除 lock.json 中的记录
2026-03-19 20:26:24,259 - self_improving_agent - INFO - [HIGH] 版本同步: 同步版本号: lock.json=builtin, _meta.json=None
2026-03-19 20:26:24,259 - self_improving_agent - INFO - [HIGH] 缺失文件: 重新安装或移除 lock.json 中的记录
2026-03-19 20:26:24,259 - self_improving_agent - INFO - [HIGH] 版本同步: 同步版本号: lock.json=builtin, _meta.json=None
2026-03-19 20:26:24,259 - self_improving_agent - INFO - [HIGH] 缺失文件: 重新安装或移除 lock.json 中的记录
2026-03-19 20:26:24,259 - self_improving_agent - INFO - [HIGH] 版本同步: 同步版本号: lock.json=builtin, _meta.json=None
2026-03-19 20:26:24,259 - self_improving_agent - INFO - [HIGH] 缺失文件: 重新安装或移除 lock.json 中的记录
2026-03-19 20:26:24,260 - self_improving_agent - INFO - [HIGH] 版本同步: 同步版本号: lock.json=builtin, _meta.json=None
2026-03-19 20:26:24,260 - self_improving_agent - INFO - [HIGH] 缺失文件: 重新安装或移除 lock.json 中的记录
2026-03-19 20:26:24,260 - self_improving_agent - INFO - [HIGH] 版本同步: 同步版本号: lock.json=builtin, _meta.json=None
2026-03-19 20:26:24,260 - self_improving_agent - INFO - [HIGH] 缺失文件: 重新安装或移除 lock.json 中的记录
2026-03-19 20:26:24,260 - self_improving_agent - INFO - [HIGH] 版本同步: 同步版本号: lock.json=builtin, _meta.json=None
2026-03-19 20:26:24,260 - self_improving_agent - INFO - [HIGH] 缺失文件: 重新安装或移除 lock.json 中的记录
2026-03-19 20:26:24,260 - self_improving_agent - INFO - [HIGH] 版本同步: 同步版本号: lock.json=1.0.0, _meta.json=None
2026-03-19 20:26:24,260 - self_improving_agent - INFO - [HIGH] 版本同步: 同步版本号: lock.json=1.0.0, _meta.json=None
2026-03-19 20:26:24,260 - self_improving_agent - INFO - [HIGH] 版本同步: 同步版本号: lock.json=1.0.0, _meta.json=None
2026-03-19 20:26:24,260 - self_improving_agent - INFO - [HIGH] 版本同步: 同步版本号: lock.json=1.0.0, _meta.json=None
2026-03-19 20:26:24,260 - self_improving_agent - INFO - [HIGH] 版本同步: 同步版本号: lock.json=1.0.0, _meta.json=None
2026-03-19 20:26:24,260 - self_improving_agent - INFO - [HIGH] 版本同步: 同步版本号: lock.json=1.0.0, _meta.json=None
2026-03-19 20:26:24,260 - self_improving_agent - INFO - [HIGH] 版本同步: 同步版本号: lock.json=1.0.0, _meta.json=None
2026-03-19 20:26:24,260 - self_improving_agent - INFO - [HIGH] 版本同步: 同步版本号: lock.json=1.0.0, _meta.json=None
2026-03-19 20:26:24,260 - self_improving_agent - INFO - [HIGH] 版本同步: 同步版本号: lock.json=1.0.0, _meta.json=None
2026-03-19 20:26:24,260 - self_improving_agent - INFO - [HIGH] 版本同步: 同步版本号: lock.json=1.0.0, _meta.json=None
2026-03-19 20:26:24,260 - self_improving_agent - INFO - [HIGH] 版本同步: 同步版本号: lock.json=1.0.0, _meta.json=1.0.4
2026-03-19 20:26:24,260 - self_improving_agent - INFO - [HIGH] 版本同步: 同步版本号: lock.json=1.0.0, _meta.json=3.1.0
2026-03-19 20:26:24,260 - self_improving_agent - INFO - [HIGH] 性能优化: 错误数量较多，需要排查
2026-03-19 20:26:24,260 - self_improving_agent - INFO - ==================================================
2026-03-19 20:26:24,261 - self_improving_agent - INFO - 步骤 5: 更新相关技能文件
2026-03-19 20:26:24,261 - self_improving_agent - INFO - 已更新 ontology 的 _meta.json
2026-03-19 20:26:24,262 - self_improving_agent - INFO - 已更新 proactive-agent 的 _meta.json
2026-03-19 20:26:24,262 - self_improving_agent - INFO - 共更新 2 个文件
2026-03-19 20:26:24,262 - self_improving_agent - INFO - ==================================================
2026-03-19 20:26:24,262 - self_improving_agent - INFO - 派生子智能体执行深度分析...
2026-03-19 20:26:24,262 - self_improving_agent - INFO - 子任务描述: 
    深度自我分析任务:
    1. 读取 /home/admin/openclaw/workspace/SOUL.md
    2. 检查所有技能的 SKILL.md 完整性
    3. 对比版本号一致性
    4. 生成详细的改进报告
    5. 输出到 /home/admin/openclaw/workspace/logs/self_improve/analysis_$(date).md
    
2026-03-19 20:26:24,262 - self_improving_agent - INFO - ==================================================
2026-03-19 20:26:24,262 - self_improving_agent - INFO - 执行完成!
2026-03-19 20:26:24,262 - self_improving_agent - INFO - 检查技能数: 33
2026-03-19 20:26:24,262 - self_improving_agent - INFO - 发现问题数: 1
2026-03-19 20:26:24,262 - self_improving_agent - INFO - 生成建议数: 39
2026-03-19 20:26:24,262 - self_improving_agent - INFO - 更新文件数: 2
